<?xml version="1.0" encoding="UTF-8"?>
<testsuite xmlns:xsi="http://www.w3.org/2001/XMLSchema-instance" xsi:noNamespaceSchemaLocation="https://maven.apache.org/surefire/maven-surefire-plugin/xsd/surefire-test-report.xsd" name="TestSuite" time="11.839" tests="4" errors="0" skipped="2" failures="1">
  <properties>
[...]
</properties>
  <testcase name="precondition" classname="com.demoqa.tests.LoginTests" time="5.235">
    <failure message="Element &lt;span class=&quot;text&quot;&gt; is not clickable at point (101,566) because another element &lt;div id=&quot;fixedban&quot;&gt; obscures it&#10;Build info: version: &apos;4.26.0&apos;, revision: &apos;8ccf0219d7&apos;&#10;System info: os.name: &apos;Windows 10&apos;, os.arch: &apos;amd64&apos;, os.version: &apos;10.0&apos;, java.version: &apos;17.0.12&apos;&#10;Driver info: org.openqa.selenium.firefox.FirefoxDriver&#10;Command: [41269e44-9dad-4819-b961-622c5021d1cb, clickElement {id=405541e4-07f2-4158-90db-a74daa37f799}]&#10;Capabilities {acceptInsecureCerts: true, browserName: firefox, browserVersion: 140.0.2, moz:accessibilityChecks: false, moz:buildID: 20250627085530, moz:debuggerAddress: 127.0.0.1:25321, moz:geckodriverVersion: 0.36.0, moz:headless: false, moz:platformVersion: 10.0, moz:processID: 10632, moz:profile: C:\Users\yuliana\AppData\Lo..., moz:shutdownTimeout: 60000, moz:webdriverClick: true, moz:windowless: false, pageLoadStrategy: normal, platformName: windows, proxy: Proxy(), se:cdp: ws://127.0.0.1:25321/devtoo..., se:cdpVersion: 85.0, setWindowRect: true, strictFileInteractability: false, timeouts: {implicit: 0, pageLoad: 300000, script: 30000}, unhandledPromptBehavior: dismiss and notify, userAgent: Mozilla/5.0 (Windows NT 10....}&#10;Element: [[FirefoxDriver: firefox on windows (41269e44-9dad-4819-b961-622c5021d1cb)] -&gt; xpath: //span[.=&apos;Login&apos;]]&#10;Session ID: 41269e44-9dad-4819-b961-622c5021d1cb" type="org.openqa.selenium.ElementClickInterceptedException"><![CDATA[org.openqa.selenium.ElementClickInterceptedException: 
Element <span class="text"> is not clickable at point (101,566) because another element <div id="fixedban"> obscures it
Build info: version: '4.26.0', revision: '8ccf0219d7'
System info: os.name: 'Windows 10', os.arch: 'amd64', os.version: '10.0', java.version: '17.0.12'
Driver info: org.openqa.selenium.firefox.FirefoxDriver
Command: [41269e44-9dad-4819-b961-622c5021d1cb, clickElement {id=405541e4-07f2-4158-90db-a74daa37f799}]
Capabilities {acceptInsecureCerts: true, browserName: firefox, browserVersion: 140.0.2, moz:accessibilityChecks: false, moz:buildID: 20250627085530, moz:debuggerAddress: 127.0.0.1:25321, moz:geckodriverVersion: 0.36.0, moz:headless: false, moz:platformVersion: 10.0, moz:processID: 10632, moz:profile: C:\Users\yuliana\AppData\Lo..., moz:shutdownTimeout: 60000, moz:webdriverClick: true, moz:windowless: false, pageLoadStrategy: normal, platformName: windows, proxy: Proxy(), se:cdp: ws://127.0.0.1:25321/devtoo..., se:cdpVersion: 85.0, setWindowRect: true, strictFileInteractability: false, timeouts: {implicit: 0, pageLoad: 300000, script: 30000}, unhandledPromptBehavior: dismiss and notify, userAgent: Mozilla/5.0 (Windows NT 10....}
Element: [[FirefoxDriver: firefox on windows (41269e44-9dad-4819-b961-622c5021d1cb)] -> xpath: //span[.='Login']]
Session ID: 41269e44-9dad-4819-b961-622c5021d1cb
	at com.demoqa.tests.LoginTests.precondition(LoginTests.java:14)
]]></failure>
    <system-out><![CDATA[14:15:42,835 |-INFO in ch.qos.logback.classic.LoggerContext[default] - Could NOT find resource [logback-test.xml]
14:15:42,835 |-INFO in ch.qos.logback.classic.LoggerContext[default] - Found resource [logback.xml] at [file:/C:/Tools/Qa60_DemoQA/target/test-classes/logback.xml]
14:15:42,890 |-INFO in ch.qos.logback.classic.joran.action.ConfigurationAction - debug attribute not set
14:15:42,890 |-INFO in ch.qos.logback.core.joran.action.TimestampAction - Using current interpretation time, i.e. now, as time reference.
14:15:42,911 |-INFO in ch.qos.logback.core.joran.action.TimestampAction - Adding property to the context with key="bySecond" and value="16T141542" to the LOCAL scope
14:15:42,911 |-INFO in ch.qos.logback.core.joran.action.AppenderAction - About to instantiate appender of type [ch.qos.logback.core.FileAppender]
14:15:42,913 |-INFO in ch.qos.logback.core.joran.action.AppenderAction - Naming appender as [FILE]
14:15:42,913 |-INFO in ch.qos.logback.core.joran.action.NestedComplexPropertyIA - Assuming default type [ch.qos.logback.classic.encoder.PatternLayoutEncoder] for [encoder] property
14:15:42,929 |-ERROR in ch.qos.logback.core.pattern.parser.Compiler@1c72da34 - There is no conversion class registered for conversion word [kvp]
14:15:42,929 |-ERROR in ch.qos.logback.core.pattern.parser.Compiler@1c72da34 - [kvp] is not a valid conversion word
14:15:42,929 |-INFO in ch.qos.logback.core.FileAppender[FILE] - File property is set to [src/test_logs/log-16T141542.log]
14:15:42,929 |-INFO in ch.qos.logback.core.joran.action.AppenderAction - About to instantiate appender of type [ch.qos.logback.core.ConsoleAppender]
14:15:42,944 |-INFO in ch.qos.logback.core.joran.action.AppenderAction - Naming appender as [STDOUT]
14:15:42,944 |-INFO in ch.qos.logback.core.joran.action.NestedComplexPropertyIA - Assuming default type [ch.qos.logback.classic.encoder.PatternLayoutEncoder] for [encoder] property
14:15:42,944 |-ERROR in ch.qos.logback.core.pattern.parser.Compiler@6b0c2d26 - There is no conversion class registered for conversion word [kvp]
14:15:42,944 |-ERROR in ch.qos.logback.core.pattern.parser.Compiler@6b0c2d26 - [kvp] is not a valid conversion word
14:15:42,944 |-ERROR in ch.qos.logback.core.joran.spi.Interpreter@17:21 - no applicable action for [maxHistory], current ElementPath  is [[configuration][appender][maxHistory]]
14:15:42,944 |-ERROR in ch.qos.logback.core.joran.spi.Interpreter@18:23 - no applicable action for [totalSizeCap], current ElementPath  is [[configuration][appender][totalSizeCap]]
14:15:42,944 |-INFO in ch.qos.logback.classic.joran.action.RootLoggerAction - Setting level of ROOT logger to INFO
14:15:42,944 |-INFO in ch.qos.logback.core.joran.action.AppenderRefAction - Attaching appender named [STDOUT] to Logger[ROOT]
14:15:42,944 |-INFO in ch.qos.logback.core.joran.action.AppenderRefAction - Attaching appender named [FILE] to Logger[ROOT]
14:15:42,944 |-INFO in ch.qos.logback.classic.joran.action.ConfigurationAction - End of configuration.
14:15:42,944 |-INFO in ch.qos.logback.classic.joran.JoranConfigurator@3d3fcdb0 - Registering current configuration as safe fallback point

14:15:47.654 [main] INFO  com.demoqa.tests.TestBase -%PARSER_ERROR[kvp]- Start test: loginPositiveTest
14:15:47.668 [main] INFO  com.demoqa.utils.MyListener -%PARSER_ERROR[kvp]- The locator will find By.cssSelector: .card:nth-child(6)
14:15:47.669 [main] INFO  com.demoqa.utils.MyListener -%PARSER_ERROR[kvp]- *********************************
14:15:47.692 [main] INFO  com.demoqa.utils.MyListener -%PARSER_ERROR[kvp]- The locator is By.cssSelector: .card:nth-child(6)
14:15:47.692 [main] INFO  com.demoqa.utils.MyListener -%PARSER_ERROR[kvp]- *********************************
14:15:47.987 [main] INFO  com.demoqa.utils.MyListener -%PARSER_ERROR[kvp]- The locator will find By.xpath: //span[.='Login']
14:15:47.987 [main] INFO  com.demoqa.utils.MyListener -%PARSER_ERROR[kvp]- *********************************
14:15:48.001 [main] INFO  com.demoqa.utils.MyListener -%PARSER_ERROR[kvp]- The locator is By.xpath: //span[.='Login']
14:15:48.002 [main] INFO  com.demoqa.utils.MyListener -%PARSER_ERROR[kvp]- *********************************
14:15:48.012 [main] INFO  com.demoqa.utils.MyListener -%PARSER_ERROR[kvp]- Test has a problem
14:15:48.012 [main] INFO  com.demoqa.utils.MyListener -%PARSER_ERROR[kvp]- *********************************
14:15:48.013 [main] INFO  com.demoqa.utils.MyListener -%PARSER_ERROR[kvp]- Method --> click
14:15:48.013 [main] INFO  com.demoqa.utils.MyListener -%PARSER_ERROR[kvp]- *********************************
14:15:48.013 [main] INFO  com.demoqa.utils.MyListener -%PARSER_ERROR[kvp]- TargetException --> org.openqa.selenium.ElementClickInterceptedException: Element <span class="text"> is not clickable at point (101,566) because another element <div id="fixedban"> obscures it
Build info: version: '4.26.0', revision: '8ccf0219d7'
System info: os.name: 'Windows 10', os.arch: 'amd64', os.version: '10.0', java.version: '17.0.12'
Driver info: org.openqa.selenium.firefox.FirefoxDriver
Command: [41269e44-9dad-4819-b961-622c5021d1cb, clickElement {id=405541e4-07f2-4158-90db-a74daa37f799}]
Capabilities {acceptInsecureCerts: true, browserName: firefox, browserVersion: 140.0.2, moz:accessibilityChecks: false, moz:buildID: 20250627085530, moz:debuggerAddress: 127.0.0.1:25321, moz:geckodriverVersion: 0.36.0, moz:headless: false, moz:platformVersion: 10.0, moz:processID: 10632, moz:profile: C:\Users\yuliana\AppData\Lo..., moz:shutdownTimeout: 60000, moz:webdriverClick: true, moz:windowless: false, pageLoadStrategy: normal, platformName: windows, proxy: Proxy(), se:cdp: ws://127.0.0.1:25321/devtoo..., se:cdpVersion: 85.0, setWindowRect: true, strictFileInteractability: false, timeouts: {implicit: 0, pageLoad: 300000, script: 30000}, unhandledPromptBehavior: dismiss and notify, userAgent: Mozilla/5.0 (Windows NT 10....}
Element: [[FirefoxDriver: firefox on windows (41269e44-9dad-4819-b961-622c5021d1cb)] -> xpath: //span[.='Login']]
Session ID: 41269e44-9dad-4819-b961-622c5021d1cb
14:15:48.014 [main] INFO  com.demoqa.utils.MyListener -%PARSER_ERROR[kvp]- *********************************
14:15:48.014 [main] INFO  com.demoqa.utils.MyListener -%PARSER_ERROR[kvp]- Object target --> [[FirefoxDriver: firefox on windows (41269e44-9dad-4819-b961-622c5021d1cb)] -> xpath: //span[.='Login']]
14:15:48.014 [main] INFO  com.demoqa.utils.MyListener -%PARSER_ERROR[kvp]- *********************************
]]></system-out>
    <system-err><![CDATA[Jul 16, 2025 2:15:48 PM org.openqa.selenium.support.events.EventFiringDecorator lambda$onError$2
WARNING: class org.openqa.selenium.remote.RemoteWebElement cannot be cast to class org.openqa.selenium.chrome.ChromeDriver (org.openqa.selenium.remote.RemoteWebElement and org.openqa.selenium.chrome.ChromeDriver are in unnamed module of loader 'app')
java.lang.ClassCastException: class org.openqa.selenium.remote.RemoteWebElement cannot be cast to class org.openqa.selenium.chrome.ChromeDriver (org.openqa.selenium.remote.RemoteWebElement and org.openqa.selenium.chrome.ChromeDriver are in unnamed module of loader 'app')
	at com.demoqa.utils.MyListener.onError(MyListener.java:36)
	at org.openqa.selenium.support.events.EventFiringDecorator.lambda$onError$2(EventFiringDecorator.java:205)
	at java.base/java.util.Arrays$ArrayList.forEach(Arrays.java:4204)
	at org.openqa.selenium.support.events.EventFiringDecorator.onError(EventFiringDecorator.java:202)
	at org.openqa.selenium.support.decorators.DefaultDecorated.onError(DefaultDecorated.java:59)
	at org.openqa.selenium.support.decorators.WebDriverDecorator.lambda$createProxy$2(WebDriverDecorator.java:341)
	at net.bytebuddy.renamed.java.lang.Object$ByteBuddy$ml1c5eCS.click(Unknown Source)
	at java.base/jdk.internal.reflect.NativeMethodAccessorImpl.invoke0(Native Method)
	at java.base/jdk.internal.reflect.NativeMethodAccessorImpl.invoke(NativeMethodAccessorImpl.java:77)
	at java.base/jdk.internal.reflect.DelegatingMethodAccessorImpl.invoke(DelegatingMethodAccessorImpl.java:43)
	at java.base/java.lang.reflect.Method.invoke(Method.java:568)
	at org.openqa.selenium.support.pagefactory.internal.LocatingElementHandler.invoke(LocatingElementHandler.java:51)
	at jdk.proxy2/jdk.proxy2.$Proxy33.click(Unknown Source)
	at com.demoqa.pages.BasePage.click(BasePage.java:24)
	at com.demoqa.pages.SidePanel.selectLogin(SidePanel.java:27)
	at com.demoqa.tests.LoginTests.precondition(LoginTests.java:14)
	at java.base/jdk.internal.reflect.NativeMethodAccessorImpl.invoke0(Native Method)
	at java.base/jdk.internal.reflect.NativeMethodAccessorImpl.invoke(NativeMethodAccessorImpl.java:77)
	at java.base/jdk.internal.reflect.DelegatingMethodAccessorImpl.invoke(DelegatingMethodAccessorImpl.java:43)
	at java.base/java.lang.reflect.Method.invoke(Method.java:568)
	at org.testng.internal.invokers.MethodInvocationHelper.invokeMethod(MethodInvocationHelper.java:141)
	at org.testng.internal.invokers.MethodInvocationHelper.invokeMethodConsideringTimeout(MethodInvocationHelper.java:71)
	at org.testng.internal.invokers.ConfigInvoker.invokeConfigurationMethod(ConfigInvoker.java:400)
	at org.testng.internal.invokers.ConfigInvoker.invokeConfigurations(ConfigInvoker.java:333)
	at org.testng.internal.invokers.TestInvoker.runConfigMethods(TestInvoker.java:833)
	at org.testng.internal.invokers.TestInvoker.invokeMethod(TestInvoker.java:600)
	at org.testng.internal.invokers.TestInvoker.invokeTestMethod(TestInvoker.java:230)
	at org.testng.internal.invokers.MethodRunner.runInSequence(MethodRunner.java:63)
	at org.testng.internal.invokers.TestInvoker$MethodInvocationAgent.invoke(TestInvoker.java:992)
	at org.testng.internal.invokers.TestInvoker.invokeTestMethods(TestInvoker.java:203)
	at org.testng.internal.invokers.TestMethodWorker.invokeTestMethods(TestMethodWorker.java:154)
	at org.testng.internal.invokers.TestMethodWorker.run(TestMethodWorker.java:134)
	at java.base/java.util.ArrayList.forEach(ArrayList.java:1511)
	at org.testng.TestRunner.privateRun(TestRunner.java:739)
	at org.testng.TestRunner.run(TestRunner.java:614)
	at org.testng.SuiteRunner.runTest(SuiteRunner.java:421)
	at org.testng.SuiteRunner.runSequentially(SuiteRunner.java:413)
	at org.testng.SuiteRunner.privateRun(SuiteRunner.java:373)
	at org.testng.SuiteRunner.run(SuiteRunner.java:312)
	at org.testng.SuiteRunnerWorker.runSuite(SuiteRunnerWorker.java:52)
	at org.testng.SuiteRunnerWorker.run(SuiteRunnerWorker.java:95)
	at org.testng.TestNG.runSuitesSequentially(TestNG.java:1274)
	at org.testng.TestNG.runSuitesLocally(TestNG.java:1208)
	at org.testng.TestNG.runSuites(TestNG.java:1112)
	at org.testng.TestNG.run(TestNG.java:1079)
	at org.apache.maven.surefire.testng.TestNGExecutor.run(TestNGExecutor.java:283)
	at org.apache.maven.surefire.testng.TestNGXmlTestSuite.execute(TestNGXmlTestSuite.java:75)
	at org.apache.maven.surefire.testng.TestNGProvider.invoke(TestNGProvider.java:120)
	at org.apache.maven.surefire.booter.ForkedBooter.invokeProviderInSameClassLoader(ForkedBooter.java:379)
	at org.apache.maven.surefire.booter.ForkedBooter.runSuitesInProcess(ForkedBooter.java:340)
	at org.apache.maven.surefire.booter.ForkedBooter.execute(ForkedBooter.java:125)
	at org.apache.maven.surefire.booter.ForkedBooter.main(ForkedBooter.java:413)

]]></system-err>
  </testcase>
  <testcase name="loginPositiveTest" classname="com.demoqa.tests.LoginTests" time="0">
    <skipped message="Element &lt;span class=&quot;text&quot;&gt; is not clickable at point (101,566) because another element &lt;div id=&quot;fixedban&quot;&gt; obscures it&#10;Build info: version: &apos;4.26.0&apos;, revision: &apos;8ccf0219d7&apos;&#10;System info: os.name: &apos;Windows 10&apos;, os.arch: &apos;amd64&apos;, os.version: &apos;10.0&apos;, java.version: &apos;17.0.12&apos;&#10;Driver info: org.openqa.selenium.firefox.FirefoxDriver&#10;Command: [41269e44-9dad-4819-b961-622c5021d1cb, clickElement {id=405541e4-07f2-4158-90db-a74daa37f799}]&#10;Capabilities {acceptInsecureCerts: true, browserName: firefox, browserVersion: 140.0.2, moz:accessibilityChecks: false, moz:buildID: 20250627085530, moz:debuggerAddress: 127.0.0.1:25321, moz:geckodriverVersion: 0.36.0, moz:headless: false, moz:platformVersion: 10.0, moz:processID: 10632, moz:profile: C:\Users\yuliana\AppData\Lo..., moz:shutdownTimeout: 60000, moz:webdriverClick: true, moz:windowless: false, pageLoadStrategy: normal, platformName: windows, proxy: Proxy(), se:cdp: ws://127.0.0.1:25321/devtoo..., se:cdpVersion: 85.0, setWindowRect: true, strictFileInteractability: false, timeouts: {implicit: 0, pageLoad: 300000, script: 30000}, unhandledPromptBehavior: dismiss and notify, userAgent: Mozilla/5.0 (Windows NT 10....}&#10;Element: [[FirefoxDriver: firefox on windows (41269e44-9dad-4819-b961-622c5021d1cb)] -&gt; xpath: //span[.=&apos;Login&apos;]]&#10;Session ID: 41269e44-9dad-4819-b961-622c5021d1cb"/>
  </testcase>
  <testcase name="tearDown" classname="com.demoqa.tests.LoginTests" time="0">
    <skipped/>
  </testcase>
  <testcase name="searchBookPositiveTest" classname="com.demoqa.tests.SearchBookTests" time="0.39"/>
</testsuite>